<?xml version="1.0" encoding="UTF-8"?>
<testng-results skipped="0" failed="0" ignored="0" total="1" passed="1">
  <reporter-output>
    <line>
      <![CDATA[Seting up reports and The Test getting ready]]>
    </line>
    <line>
      <![CDATA[Setting Done >>> The Test can be started]]>
    </line>
    <line>
      <![CDATA[Trying to start Browser and Getting application ready]]>
    </line>
    <line>
      <![CDATA[Browser and Application is up and running]]>
    </line>
    <line>
      <![CDATA[Test is about to End]]>
    </line>
    <line>
      <![CDATA[Test Completed >>>>> Reports Generated]]>
    </line>
  </reporter-output>
  <suite name="Suite" duration-ms="24028" started-at="2019-02-08T17:41:33Z" finished-at="2019-02-08T17:41:57Z">
    <groups>
    </groups>
    <test name="Test" duration-ms="24028" started-at="2019-02-08T17:41:33Z" finished-at="2019-02-08T17:41:57Z">
      <class name="com.learn.testcases.Login_Test_CRM">
        <test-method status="PASS" signature="setUpSuite()[pri:0, instance:com.learn.testcases.Login_Test_CRM@1e9e725a]" name="setUpSuite" is-config="true" duration-ms="344" started-at="2019-02-08T17:41:33Z" finished-at="2019-02-08T17:41:33Z">
          <reporter-output>
            <line>
              <![CDATA[Seting up reports and The Test getting ready]]>
            </line>
            <line>
              <![CDATA[Setting Done >>> The Test can be started]]>
            </line>
          </reporter-output>
        </test-method> <!-- setUpSuite -->
        <test-method status="PASS" signature="setup()[pri:0, instance:com.learn.testcases.Login_Test_CRM@1e9e725a]" name="setup" is-config="true" duration-ms="16050" started-at="2019-02-08T17:41:33Z" finished-at="2019-02-08T17:41:49Z">
          <reporter-output>
            <line>
              <![CDATA[Trying to start Browser and Getting application ready]]>
            </line>
            <line>
              <![CDATA[Browser and Application is up and running]]>
            </line>
          </reporter-output>
        </test-method> <!-- setup -->
        <test-method status="PASS" signature="LoginApp()[pri:1, instance:com.learn.testcases.Login_Test_CRM@1e9e725a]" name="LoginApp" duration-ms="6420" started-at="2019-02-08T17:41:49Z" finished-at="2019-02-08T17:41:56Z">
          <reporter-output>
          </reporter-output>
        </test-method> <!-- LoginApp -->
        <test-method status="PASS" signature="tearDownMethod(org.testng.ITestResult)[pri:0, instance:com.learn.testcases.Login_Test_CRM@1e9e725a]" name="tearDownMethod" is-config="true" duration-ms="611" started-at="2019-02-08T17:41:56Z" finished-at="2019-02-08T17:41:56Z">
          <params>
            <param index="0">
              <value>
                <![CDATA[[TestResult name=LoginApp status=SUCCESS method=Login_Test_CRM.LoginApp()[pri:1, instance:com.learn.testcases.Login_Test_CRM@1e9e725a] output={null}]]]>
              </value>
            </param>
          </params>
          <reporter-output>
            <line>
              <![CDATA[Test is about to End]]>
            </line>
            <line>
              <![CDATA[Test Completed >>>>> Reports Generated]]>
            </line>
          </reporter-output>
        </test-method> <!-- tearDownMethod -->
        <test-method status="PASS" signature="teardown()[pri:0, instance:com.learn.testcases.Login_Test_CRM@1e9e725a]" name="teardown" is-config="true" duration-ms="934" started-at="2019-02-08T17:41:56Z" finished-at="2019-02-08T17:41:57Z">
          <reporter-output>
          </reporter-output>
        </test-method> <!-- teardown -->
      </class> <!-- com.learn.testcases.Login_Test_CRM -->
    </test> <!-- Test -->
  </suite> <!-- Suite -->
</testng-results>
